<?xml version="1.0" encoding="UTF-8"?>
<!-- Generated by org.testng.reporters.JUnitXMLReporter -->
<testsuite ignored="3" hostname="LAPTOP-QMTC14CJ" failures="0" tests="1" name="Default test" time="10.73" errors="0" timestamp="2023-05-03T20:45:32 IST">
  <testcase classname="testNGPrograms.TestNGProgram1" name="AddCustomerContact" time="2.405"/>
  <testcase classname="testNGPrograms.TestNGProgram1" name="AssertCheck" time="0.0">
    <ignored/>
  </testcase> <!-- AssertCheck -->
  <testcase classname="testNGPrograms.TestNGProgram1" name="ViewListProducts" time="0.0">
    <ignored/>
  </testcase> <!-- ViewListProducts -->
  <testcase classname="testNGPrograms.TestNGProgram1" name="AddUser" time="0.0">
    <ignored/>
  </testcase> <!-- AddUser -->
</testsuite> <!-- Default test -->
