<?xml version="1.0" encoding="UTF-8"?>
<!-- Generated by org.testng.reporters.JUnitXMLReporter -->
<testsuite ignored="2" hostname="LAPTOP-QMTC14CJ" failures="0" tests="2" name="Test" time="28.188" errors="0" timestamp="2023-05-03T20:06:26 IST">
  <testcase classname="testNGPrograms.TestNGProgram1" name="AddUser" time="3.829"/>
  <testcase classname="testNGPrograms.TestNGProgram1" name="AddCustomerContact" time="2.505"/>
  <testcase classname="testNGPrograms.TestNGProgram1" name="AssertCheck" time="0.0">
    <ignored/>
  </testcase> <!-- AssertCheck -->
  <testcase classname="testNGPrograms.TestNGProgram1" name="ViewListProducts" time="0.0">
    <ignored/>
  </testcase> <!-- ViewListProducts -->
</testsuite> <!-- Test -->
